// mirror starters
level-sten2.xml
level1.xml
level-cwc1.xml
level-hal2.xml

// prism starters
level-sten3.xml
level2.xml
level3.xml
level-cwc3.xml
level-sten.xml
level-reversefacepalm.xml
level-robotbrains.xml
level-backtotheline.xml

// hard session
level-hal3.xml
level-sten5.xml
level-hal4.xml
level-mln1.xml
level-mln3.xml
level-pitchfork.xml
level-thegrid.xml
level-diamond.xml
level-lotsofmirrors.xml

// emitter rotation starters
level-hal5.xml
level-cwc2.xml
level-cwc4.xml
level-hal6.xml
level-hal.xml
level-mln5.xml
level-hihowareya.xml

// hard session
level-7ballsz.xml
level-hal7.xml
level-mln2.xml
level-mln4.xml
